<?xml version="1.0" encoding="UTF-8"?>
<!-- Generated by org.testng.reporters.JUnitReportReporter -->
<testsuite hostname="beeafcabeefc305410197ebdafdffbcdbbebtwo-0" failures="0" tests="1" name="runner.Testcase3" time="21.173" errors="0" timestamp="2023-09-25T11:22:28 UTC" skipped="0">
  <testcase classname="runner.Testcase3" name="addtocart" time="21.173"/>
</testsuite> <!-- runner.Testcase3 -->
