<?xml version="1.0" encoding="UTF-8"?>
<!-- Generated by org.testng.reporters.JUnitReportReporter -->
<testsuite hostname="beeafcabeefc305410197ebdafdffbcdbbebtwo-0" failures="0" tests="1" name="runner.Testcase1" time="9.024" errors="0" timestamp="2023-09-25T11:22:28 UTC" skipped="0">
  <testcase classname="runner.Testcase1" name="todaysDeal" time="9.024"/>
</testsuite> <!-- runner.Testcase1 -->
